2/3/2022 9:37:16 AM	This log contains information about the import schema operation into project 'AdventureWorksLT' on computer 'DESKTOP-4RLFJ7J' by user 'Swati'.
2/3/2022 9:37:16 AM	Import of database schema has started.
2/3/2022 9:37:24 AM	Gathering database credentials
2/3/2022 9:37:24 AM	Gathering database options
2/3/2022 9:37:24 AM	Gathering generic database scoped configuration option
2/3/2022 9:37:24 AM	Gathering users
2/3/2022 9:37:24 AM	Gathering roles
2/3/2022 9:37:24 AM	Gathering application roles
2/3/2022 9:37:24 AM	Gathering role memberships
2/3/2022 9:37:24 AM	Gathering filegroups
2/3/2022 9:37:24 AM	Gathering files
2/3/2022 9:37:24 AM	Gathering full-text catalogs
2/3/2022 9:37:24 AM	Gathering assemblies
2/3/2022 9:37:24 AM	Gathering certificates
2/3/2022 9:37:24 AM	Gathering asymmetric keys
2/3/2022 9:37:24 AM	Gathering symmetric keys
2/3/2022 9:37:24 AM	Gathering encrypted symmetric keys
2/3/2022 9:37:24 AM	Gathering database encryption keys
2/3/2022 9:37:24 AM	Gathering schemas
2/3/2022 9:37:24 AM	Gathering XML schema collections
2/3/2022 9:37:24 AM	Gathering user-defined data types
2/3/2022 9:37:24 AM	Gathering user-defined types
2/3/2022 9:37:24 AM	Gathering table types
2/3/2022 9:37:24 AM	Gathering unique keys for table types
2/3/2022 9:37:24 AM	Gathering primary keys for table types
2/3/2022 9:37:24 AM	Gathering indexes for table types
2/3/2022 9:37:24 AM	Gathering check constraints for table types
2/3/2022 9:37:24 AM	Gathering default constraints for table types
2/3/2022 9:37:24 AM	Gathering partition functions
2/3/2022 9:37:24 AM	Gathering partition schemes
2/3/2022 9:37:24 AM	Gathering functions
2/3/2022 9:37:24 AM	Gathering encrypted functions
2/3/2022 9:37:24 AM	Gathering aggregates
2/3/2022 9:37:24 AM	Gathering procedures
2/3/2022 9:37:24 AM	Gathering encrypted procedures
2/3/2022 9:37:24 AM	Gathering tables
2/3/2022 9:37:24 AM	Gathering primary keys
2/3/2022 9:37:24 AM	Gathering unique constraints
2/3/2022 9:37:24 AM	Gathering foreign keys
2/3/2022 9:37:24 AM	Gathering default constraints
2/3/2022 9:37:24 AM	Gathering check constraints
2/3/2022 9:37:24 AM	Gathering views
2/3/2022 9:37:24 AM	Gathering encrypted views
2/3/2022 9:37:24 AM	Gathering indexes
2/3/2022 9:37:24 AM	Gathering statistics
2/3/2022 9:37:25 AM	Gathering full-text index stoplists
2/3/2022 9:37:25 AM	Gathering search property lists
2/3/2022 9:37:25 AM	Gathering search properties
2/3/2022 9:37:25 AM	Gathering full-text indexes
2/3/2022 9:37:25 AM	Gathering column store indexes
2/3/2022 9:37:25 AM	Gathering spatial indexes
2/3/2022 9:37:25 AM	Gathering XML indexes
2/3/2022 9:37:25 AM	Gathering Selective XML indexes
2/3/2022 9:37:25 AM	Gathering encrypted triggers
2/3/2022 9:37:25 AM	Gathering triggers
2/3/2022 9:37:25 AM	Gathering encrypted and clr ddl triggers
2/3/2022 9:37:25 AM	Gathering ddl triggers
2/3/2022 9:37:25 AM	Creating edge constraints
2/3/2022 9:37:25 AM	Gathering synonyms
2/3/2022 9:37:25 AM	Gathering defaults
2/3/2022 9:37:25 AM	Gathering data constraint uddt bindings
2/3/2022 9:37:25 AM	Gathering rules
2/3/2022 9:37:25 AM	Gathering data constraint uddt bindings
2/3/2022 9:37:25 AM	Gathering message types
2/3/2022 9:37:25 AM	Gathering queues
2/3/2022 9:37:25 AM	Gathering contracts
2/3/2022 9:37:25 AM	Gathering services
2/3/2022 9:37:25 AM	Gathering routes
2/3/2022 9:37:25 AM	Gathering event notifications
2/3/2022 9:37:25 AM	Gathering remote service bindings
2/3/2022 9:37:25 AM	Gathering broker priorities
2/3/2022 9:37:25 AM	Gathering database audit specifications
2/3/2022 9:37:25 AM	Gathering signatures
2/3/2022 9:37:25 AM	Gathering data compression options
2/3/2022 9:37:25 AM	Gathering sequence types
2/3/2022 9:37:25 AM	Gathering security policies
2/3/2022 9:37:25 AM	Gather column encryption keys
2/3/2022 9:37:25 AM	Gathering column master keys
2/3/2022 9:37:25 AM	Gathering external data sources
2/3/2022 9:37:25 AM	Gathering external file formats
2/3/2022 9:37:25 AM	Gathering external tables
2/3/2022 9:37:25 AM	Gathering extended properties
2/3/2022 9:37:26 AM	Scanning project for duplicate elements
2/3/2022 9:37:26 AM	Finished duplicate element processing
2/3/2022 9:37:31 AM	Finished importing database.
2/3/2022 9:37:31 AM	A summary of the import was saved to the following location: C:\Git\sqldemo\AdventureWorksLT\Import Schema Logs\AdventureWorksLT_20220203023716.log
2/3/2022 9:37:31 AM	Click Finish to continue...
